Name                 Stmts   Miss Branch BrPart  Cover   Missing
----------------------------------------------------------------
fgpbot/__init__.py       1      0      0      0   100%
fgpbot/app.py          155     29     28      8    79%   39->exit, 56-61, 78->83, 82, 84-94, 113-116, 117->123, 123->140, 129, 134-139
fgpbot/auth.py          91      7     14      3    90%   55-57, 66, 104->106, 108-110
fgpbot/cli.py          207     45     64     18    75%   33-34, 36->38, 46-50, 52, 57, 76-78, 84-85, 106-111, 119-121, 128-130, 132-133, 146-147, 150-152, 154-156, 188, 212, 214, 221, 224-225, 230-231, 236, 238
fgpbot/commands.py     250     21     86     14    88%   70, 93->99, 151, 166->168, 169->178, 221, 228-229, 239-241, 249, 256-258, 280-281, 284-286, 291, 293, 295, 297
fgpbot/config.py        90      7     20      1    93%   73-74, 90-91, 102-103, 111
fgpbot/eventsub.py     239     36     80     18    82%   37, 84, 87, 90, 92-95, 125-131, 150-151, 153, 156, 161, 163-164, 166-167, 170, 182->184, 207->213, 232-234, 251, 258-263, 269, 276->278
fgpbot/health.py       151     11     28      6    89%   98, 107->116, 111-114, 123, 153-154, 165->exit, 167-169
fgpbot/network.py       56      4     14      2    91%   63-64, 76-77
fgpbot/security.py      39      9     14      0    79%   49-59
fgpbot/storage.py       81      1     10      2    97%   59->exit, 156
fgpbot/tokens.py        97      9     34      6    87%   45, 51, 62-64, 86, 102, 105, 122
fgpbot/twitch.py        98     11     40     12    83%   40, 44, 51, 61, 70, 77, 88->90, 96, 100, 115, 125, 130
----------------------------------------------------------------
TOTAL                 1555    190    432     90    85%
